<?xml version="1.0" encoding="UTF-8"?>
<!-- Generated by org.testng.reporters.JUnitReportReporter -->
<testsuite hostname="asus" name="com.orangehrm.testsuite.Capturingscreenshot" tests="2" failures="0" timestamp="31 Dec 2015 10:06:50 GMT" time="0.989" errors="0">
  <testcase name="getScreenshot" time="0.460" classname="com.orangehrm.testsuite.Capturingscreenshot"/>
  <testcase name="getScreenshot" time="0.529" classname="com.orangehrm.testsuite.Capturingscreenshot"/>
</testsuite> <!-- com.orangehrm.testsuite.Capturingscreenshot -->
