<?xml version="1.0" encoding="UTF-8"?>
<!-- Generated by org.testng.reporters.JUnitReportReporter -->
<testsuite hostname="asus" name="Testcase" tests="1" failures="0" timestamp="28 Dec 2015 07:33:19 GMT" time="34.374" errors="0">
  <testcase name="test" time="34.374" classname="Testcase"/>
</testsuite> <!-- Testcase -->
